#
# There is insufficient memory for the Java Runtime Environment to continue.
# Native memory allocation (malloc) failed to allocate 755936 bytes. Error detail: Chunk::new
# Possible reasons:
#   The system is out of physical RAM or swap space
#   This process is running with CompressedOops enabled, and the Java Heap may be blocking the growth of the native heap
# Possible solutions:
#   Reduce memory load on the system
#   Increase physical memory or swap space
#   Check if swap backing store is full
#   Decrease Java heap size (-Xmx/-Xms)
#   Decrease number of Java threads
#   Decrease Java thread stack sizes (-Xss)
#   Set larger code cache with -XX:ReservedCodeCacheSize=
#   JVM is running with Unscaled Compressed Oops mode in which the Java heap is
#     placed in the first 4GB address space. The Java Heap base address is the
#     maximum limit for the native heap growth. Please use -XX:HeapBaseMinAddress
#     to set the Java Heap base and to place the Java Heap above 4GB virtual address.
# This output file may be truncated or incomplete.
#
#  Out of Memory Error (arena.cpp:168), pid=1424, tid=48812
#
# JRE version: OpenJDK Runtime Environment Temurin-21.0.6+7 (21.0.6+7) (build 21.0.6+7-LTS)
# Java VM: OpenJDK 64-Bit Server VM Temurin-21.0.6+7 (21.0.6+7-LTS, mixed mode, sharing, tiered, compressed oops, compressed class ptrs, parallel gc, windows-amd64)
# No core dump will be written. Minidumps are not enabled by default on client versions of Windows
#

---------------  S U M M A R Y ------------

Command Line: --add-modules=ALL-SYSTEM --add-opens=java.base/java.util=ALL-UNNAMED --add-opens=java.base/java.lang=ALL-UNNAMED --add-opens=java.base/sun.nio.fs=ALL-UNNAMED -Declipse.application=org.eclipse.jdt.ls.core.id1 -Dosgi.bundles.defaultStartLevel=4 -Declipse.product=org.eclipse.jdt.ls.core.product -Djava.import.generatesMetadataFilesAtProjectRoot=false -DDetectVMInstallationsJob.disabled=true -Dfile.encoding=utf8 -XX:+UseParallelGC -XX:GCTimeRatio=4 -XX:AdaptiveSizePolicyWeight=90 -Dsun.zip.disableMemoryMapping=true -Xmx1G -Xms100m -Xlog:disable -javaagent:c:\Users\kimda\.vscode\extensions\redhat.java-1.41.1-win32-x64\lombok\lombok-1.18.36.jar -XX:+HeapDumpOnOutOfMemoryError -XX:HeapDumpPath=c:\Users\kimda\AppData\Roaming\Code\User\workspaceStorage\cbc90a54d4b7c68b7d692620f0ed6c0a\redhat.java -Daether.dependencyCollector.impl=bf c:\Users\kimda\.vscode\extensions\redhat.java-1.41.1-win32-x64\server\plugins\org.eclipse.equinox.launcher_1.7.0.v20250331-1702.jar -configuration c:\Users\kimda\AppData\Roaming\Code\User\globalStorage\redhat.java\1.41.1\config_win -data c:\Users\kimda\AppData\Roaming\Code\User\workspaceStorage\cbc90a54d4b7c68b7d692620f0ed6c0a\redhat.java\jdt_ws --pipe=\\.\pipe\lsp-f6a7bba2716a4e2960dc3aa304ebc7a4-sock

Host: 11th Gen Intel(R) Core(TM) i7-1165G7 @ 2.80GHz, 8 cores, 15G,  Windows 11 , 64 bit Build 22621 (10.0.22621.5124)
Time: Wed May 14 08:41:05 2025  Windows 11 , 64 bit Build 22621 (10.0.22621.5124) elapsed time: 88.598411 seconds (0d 0h 1m 28s)

---------------  T H R E A D  ---------------

Current thread (0x00000203da15dea0):  JavaThread "C2 CompilerThread1" daemon [_thread_in_native, id=48812, stack(0x000000697a200000,0x000000697a300000) (1024K)]


Current CompileTask:
C2:88599 9100       4       org.eclipse.jdt.internal.compiler.parser.Parser::consumeRule (7755 bytes)

Stack: [0x000000697a200000,0x000000697a300000]
Native frames: (J=compiled Java code, j=interpreted, Vv=VM code, C=native code)
V  [jvm.dll+0x6cdee9]
V  [jvm.dll+0x8a83d1]
V  [jvm.dll+0x8aa8fe]
V  [jvm.dll+0x8aafe3]
V  [jvm.dll+0x27f706]
V  [jvm.dll+0xc500d]
V  [jvm.dll+0xc5543]
V  [jvm.dll+0x3b678c]
V  [jvm.dll+0x382935]
V  [jvm.dll+0x381d9a]
V  [jvm.dll+0x2479f0]
V  [jvm.dll+0x246fcf]
V  [jvm.dll+0x1c75ee]
V  [jvm.dll+0x25685a]
V  [jvm.dll+0x254dfa]
V  [jvm.dll+0x3f0256]
V  [jvm.dll+0x851f8b]
V  [jvm.dll+0x6cc5ed]
C  [ucrtbase.dll+0x29333]
C  [KERNEL32.DLL+0x1259d]
C  [ntdll.dll+0x5af38]


---------------  P R O C E S S  ---------------

Threads class SMR info:
_java_thread_list=0x00000203d83f0ff0, length=53, elements={
0x00000203fbafb260, 0x00000203feea3400, 0x00000203feea7100, 0x00000203feeaa110,
0x00000203feeab110, 0x00000203feeacfc0, 0x00000203feeafc10, 0x00000203feeb0b30,
0x00000203feee98c0, 0x00000203d2974db0, 0x00000203d2bd6c50, 0x00000203d733a360,
0x00000203d7514530, 0x00000203d2caf2c0, 0x00000203d2cafcf0, 0x00000203d75969d0,
0x00000203d29d39e0, 0x00000203d2bab040, 0x00000203d2ba8f70, 0x00000203d2ba8250,
0x00000203d2baa9b0, 0x00000203d2bab6d0, 0x00000203d2ba88e0, 0x00000203d2ba9600,
0x00000203d2ba9c90, 0x00000203d2baa320, 0x00000203d932d460, 0x00000203d932ad00,
0x00000203d932b390, 0x00000203d932a670, 0x00000203d932ba20, 0x00000203d932c0b0,
0x00000203d9329fe0, 0x00000203d932c740, 0x00000203d932cdd0, 0x00000203d8bd0c60,
0x00000203d8bcb710, 0x00000203d8bceb90, 0x00000203d8bccac0, 0x00000203d8bcc430,
0x00000203d8bd26a0, 0x00000203d8bcff40, 0x00000203d8bd05d0, 0x00000203d8bcbda0,
0x00000203d8bcd150, 0x00000203d8bd12f0, 0x00000203d8bd1980, 0x00000203d8bcd7e0,
0x00000203d8bcde70, 0x00000203d8bce500, 0x00000203d8bcf220, 0x00000203d8bcf8b0,
0x00000203da15dea0
}

Java Threads: ( => current thread )
  0x00000203fbafb260 JavaThread "main"                              [_thread_blocked, id=78684, stack(0x0000006976f00000,0x0000006977000000) (1024K)]
  0x00000203feea3400 JavaThread "Reference Handler"          daemon [_thread_blocked, id=75916, stack(0x0000006977300000,0x0000006977400000) (1024K)]
  0x00000203feea7100 JavaThread "Finalizer"                  daemon [_thread_blocked, id=50836, stack(0x0000006977400000,0x0000006977500000) (1024K)]
  0x00000203feeaa110 JavaThread "Signal Dispatcher"          daemon [_thread_blocked, id=81456, stack(0x0000006977500000,0x0000006977600000) (1024K)]
  0x00000203feeab110 JavaThread "Attach Listener"            daemon [_thread_blocked, id=76772, stack(0x0000006977600000,0x0000006977700000) (1024K)]
  0x00000203feeacfc0 JavaThread "Service Thread"             daemon [_thread_blocked, id=80104, stack(0x0000006977700000,0x0000006977800000) (1024K)]
  0x00000203feeafc10 JavaThread "Monitor Deflation Thread"   daemon [_thread_blocked, id=64364, stack(0x0000006977800000,0x0000006977900000) (1024K)]
  0x00000203feeb0b30 JavaThread "C2 CompilerThread0"         daemon [_thread_in_native, id=13364, stack(0x0000006977900000,0x0000006977a00000) (1024K)]
  0x00000203feee98c0 JavaThread "C1 CompilerThread0"         daemon [_thread_in_native, id=79380, stack(0x0000006977a00000,0x0000006977b00000) (1024K)]
  0x00000203d2974db0 JavaThread "Common-Cleaner"             daemon [_thread_blocked, id=54508, stack(0x0000006977b00000,0x0000006977c00000) (1024K)]
  0x00000203d2bd6c50 JavaThread "Notification Thread"        daemon [_thread_blocked, id=69520, stack(0x0000006977c00000,0x0000006977d00000) (1024K)]
  0x00000203d733a360 JavaThread "Active Thread: Equinox Container: 5df3a4dd-ef8f-4951-bfde-3fb0ccd7f6ed"        [_thread_blocked, id=81072, stack(0x0000006978400000,0x0000006978500000) (1024K)]
  0x00000203d7514530 JavaThread "Refresh Thread: Equinox Container: 5df3a4dd-ef8f-4951-bfde-3fb0ccd7f6ed" daemon [_thread_blocked, id=58708, stack(0x0000006978300000,0x0000006978400000) (1024K)]
  0x00000203d2caf2c0 JavaThread "Framework Event Dispatcher: Equinox Container: 5df3a4dd-ef8f-4951-bfde-3fb0ccd7f6ed" daemon [_thread_blocked, id=27108, stack(0x0000006978600000,0x0000006978700000) (1024K)]
  0x00000203d2cafcf0 JavaThread "Start Level: Equinox Container: 5df3a4dd-ef8f-4951-bfde-3fb0ccd7f6ed" daemon [_thread_blocked, id=65312, stack(0x0000006978700000,0x0000006978800000) (1024K)]
  0x00000203d75969d0 JavaThread "Bundle File Closer"         daemon [_thread_blocked, id=36580, stack(0x0000006978800000,0x0000006978900000) (1024K)]
  0x00000203d29d39e0 JavaThread "SCR Component Actor"        daemon [_thread_blocked, id=19952, stack(0x0000006978900000,0x0000006978a00000) (1024K)]
  0x00000203d2bab040 JavaThread "Worker-JM"                         [_thread_blocked, id=43696, stack(0x0000006978c00000,0x0000006978d00000) (1024K)]
  0x00000203d2ba8f70 JavaThread "JNA Cleaner"                daemon [_thread_blocked, id=23740, stack(0x0000006978d00000,0x0000006978e00000) (1024K)]
  0x00000203d2ba8250 JavaThread "Worker-0"                          [_thread_blocked, id=12148, stack(0x0000006978e00000,0x0000006978f00000) (1024K)]
  0x00000203d2baa9b0 JavaThread "Worker-1: Building"                [_thread_in_Java, id=77864, stack(0x0000006978f00000,0x0000006979000000) (1024K)]
  0x00000203d2bab6d0 JavaThread "Worker-2"                          [_thread_blocked, id=38884, stack(0x0000006979000000,0x0000006979100000) (1024K)]
  0x00000203d2ba88e0 JavaThread "Java indexing"              daemon [_thread_in_Java, id=10404, stack(0x0000006979100000,0x0000006979200000) (1024K)]
  0x00000203d2ba9600 JavaThread "Worker-3: Java indexing... "        [_thread_blocked, id=80576, stack(0x0000006979200000,0x0000006979300000) (1024K)]
  0x00000203d2ba9c90 JavaThread "Worker-4"                          [_thread_blocked, id=80344, stack(0x0000006979300000,0x0000006979400000) (1024K)]
  0x00000203d2baa320 JavaThread "Thread-2"                   daemon [_thread_in_native, id=76448, stack(0x0000006979400000,0x0000006979500000) (1024K)]
  0x00000203d932d460 JavaThread "Thread-3"                   daemon [_thread_in_native, id=81744, stack(0x0000006979500000,0x0000006979600000) (1024K)]
  0x00000203d932ad00 JavaThread "Thread-4"                   daemon [_thread_in_native, id=81392, stack(0x0000006979600000,0x0000006979700000) (1024K)]
  0x00000203d932b390 JavaThread "Thread-5"                   daemon [_thread_in_native, id=20308, stack(0x0000006979700000,0x0000006979800000) (1024K)]
  0x00000203d932a670 JavaThread "Thread-6"                   daemon [_thread_in_native, id=14524, stack(0x0000006979800000,0x0000006979900000) (1024K)]
  0x00000203d932ba20 JavaThread "Thread-7"                   daemon [_thread_in_native, id=69088, stack(0x0000006979900000,0x0000006979a00000) (1024K)]
  0x00000203d932c0b0 JavaThread "Thread-8"                   daemon [_thread_in_native, id=77472, stack(0x0000006979a00000,0x0000006979b00000) (1024K)]
  0x00000203d9329fe0 JavaThread "Thread-9"                   daemon [_thread_in_native, id=59728, stack(0x0000006979b00000,0x0000006979c00000) (1024K)]
  0x00000203d932c740 JavaThread "Thread-10"                  daemon [_thread_in_native, id=77456, stack(0x0000006979c00000,0x0000006979d00000) (1024K)]
  0x00000203d932cdd0 JavaThread "pool-2-thread-1"                   [_thread_blocked, id=54732, stack(0x0000006979d00000,0x0000006979e00000) (1024K)]
  0x00000203d8bd0c60 JavaThread "WorkspaceEventsHandler"            [_thread_blocked, id=54320, stack(0x0000006979e00000,0x0000006979f00000) (1024K)]
  0x00000203d8bcb710 JavaThread "pool-1-thread-1"                   [_thread_blocked, id=168, stack(0x0000006979f00000,0x000000697a000000) (1024K)]
  0x00000203d8bceb90 JavaThread "Worker-5"                          [_thread_blocked, id=43668, stack(0x000000697a000000,0x000000697a100000) (1024K)]
  0x00000203d8bccac0 JavaThread "LocalFile Deleter"          daemon [_thread_blocked, id=66400, stack(0x000000697a300000,0x000000697a400000) (1024K)]
  0x00000203d8bcc430 JavaThread "LocalFile Deleter"          daemon [_thread_blocked, id=6236, stack(0x000000697a400000,0x000000697a500000) (1024K)]
  0x00000203d8bd26a0 JavaThread "LocalFile Deleter"          daemon [_thread_blocked, id=80292, stack(0x000000697a500000,0x000000697a600000) (1024K)]
  0x00000203d8bcff40 JavaThread "LocalFile Deleter"          daemon [_thread_blocked, id=21956, stack(0x000000697a600000,0x000000697a700000) (1024K)]
  0x00000203d8bd05d0 JavaThread "LocalFile Deleter"          daemon [_thread_blocked, id=81564, stack(0x000000697a700000,0x000000697a800000) (1024K)]
  0x00000203d8bcbda0 JavaThread "LocalFile Deleter"          daemon [_thread_blocked, id=24156, stack(0x000000697a800000,0x000000697a900000) (1024K)]
  0x00000203d8bcd150 JavaThread "LocalFile Deleter"          daemon [_thread_blocked, id=78944, stack(0x000000697a900000,0x000000697aa00000) (1024K)]
  0x00000203d8bd12f0 JavaThread "LocalFile Deleter"          daemon [_thread_blocked, id=80236, stack(0x000000697aa00000,0x000000697ab00000) (1024K)]
  0x00000203d8bd1980 JavaThread "Compiler Source File Reader" daemon [_thread_blocked, id=24248, stack(0x000000697ab00000,0x000000697ac00000) (1024K)]
  0x00000203d8bcd7e0 JavaThread "Compiler Source File Reader" daemon [_thread_blocked, id=78348, stack(0x000000697ac00000,0x000000697ad00000) (1024K)]
  0x00000203d8bcde70 JavaThread "Compiler Source File Reader" daemon [_thread_blocked, id=46484, stack(0x000000697ad00000,0x000000697ae00000) (1024K)]
  0x00000203d8bce500 JavaThread "Compiler Source File Reader" daemon [_thread_blocked, id=76576, stack(0x000000697ae00000,0x000000697af00000) (1024K)]
  0x00000203d8bcf220 JavaThread "Compiler Source File Reader" daemon [_thread_blocked, id=69176, stack(0x000000697af00000,0x000000697b000000) (1024K)]
  0x00000203d8bcf8b0 JavaThread "Compiler Source File Reader" daemon [_thread_blocked, id=73468, stack(0x000000697b000000,0x000000697b100000) (1024K)]
=>0x00000203da15dea0 JavaThread "C2 CompilerThread1"         daemon [_thread_in_native, id=48812, stack(0x000000697a200000,0x000000697a300000) (1024K)]
Total: 53

Other Threads:
  0x00000203fee92570 VMThread "VM Thread"                           [id=80796, stack(0x0000006977200000,0x0000006977300000) (1024K)]
  0x00000203fbb65f00 WatcherThread "VM Periodic Task Thread"        [id=77560, stack(0x0000006977100000,0x0000006977200000) (1024K)]
  0x00000203fbb19790 WorkerThread "GC Thread#0"                     [id=77152, stack(0x0000006977000000,0x0000006977100000) (1024K)]
  0x00000203d7011290 WorkerThread "GC Thread#1"                     [id=77924, stack(0x0000006977d00000,0x0000006977e00000) (1024K)]
  0x00000203d74b0810 WorkerThread "GC Thread#2"                     [id=75792, stack(0x0000006977e00000,0x0000006977f00000) (1024K)]
  0x00000203d74b0bb0 WorkerThread "GC Thread#3"                     [id=76856, stack(0x0000006977f00000,0x0000006978000000) (1024K)]
  0x00000203d74b0f50 WorkerThread "GC Thread#4"                     [id=80032, stack(0x0000006978000000,0x0000006978100000) (1024K)]
  0x00000203d7318f50 WorkerThread "GC Thread#5"                     [id=52620, stack(0x0000006978100000,0x0000006978200000) (1024K)]
  0x00000203d7319b00 WorkerThread "GC Thread#6"                     [id=78040, stack(0x0000006978200000,0x0000006978300000) (1024K)]
  0x00000203d7119090 WorkerThread "GC Thread#7"                     [id=80176, stack(0x0000006978500000,0x0000006978600000) (1024K)]
Total: 10

Threads with active compile tasks:
C2 CompilerThread0  88719 9281       4       lombok.core.configuration.BubblingConfigurationResolver::resolve (432 bytes)
C1 CompilerThread0  88719 9295       3       org.eclipse.jdt.internal.compiler.parser.Scanner::internalScanIdentifierOrKeyword (5081 bytes)
C2 CompilerThread1  88720 9100       4       org.eclipse.jdt.internal.compiler.parser.Parser::consumeRule (7755 bytes)
Total: 3

VM state: not at safepoint (normal execution)

VM Mutex/Monitor currently owned by a thread: None

Heap address: 0x00000000c0000000, size: 1024 MB, Compressed Oops mode: 32-bit

CDS archive(s) mapped at: [0x0000020391000000-0x0000020391ba0000-0x0000020391ba0000), size 12189696, SharedBaseAddress: 0x0000020391000000, ArchiveRelocationMode: 1.
Compressed class space mapped at: 0x0000020392000000-0x00000203d2000000, reserved size: 1073741824
Narrow klass base: 0x0000020391000000, Narrow klass shift: 0, Narrow klass range: 0x100000000

GC Precious Log:
 CardTable entry size: 512
 CPUs: 8 total, 8 available
 Memory: 16183M
 Large Page Support: Disabled
 NUMA Support: Disabled
 Compressed Oops: Enabled (32-bit)
 Alignments: Space 512K, Generation 512K, Heap 2M
 Heap Min Capacity: 100M
 Heap Initial Capacity: 100M
 Heap Max Capacity: 1G
 Pre-touch: Disabled
 Parallel Workers: 8

Heap:
 PSYoungGen      total 4096K, used 2414K [0x00000000eab00000, 0x00000000eb080000, 0x0000000100000000)
  eden space 3584K, 55% used [0x00000000eab00000,0x00000000eacf03f8,0x00000000eae80000)
  from space 512K, 100% used [0x00000000eaf00000,0x00000000eaf80000,0x00000000eaf80000)
  to   space 1024K, 0% used [0x00000000eaf80000,0x00000000eaf80000,0x00000000eb080000)
 ParOldGen       total 195072K, used 182782K [0x00000000c0000000, 0x00000000cbe80000, 0x00000000eab00000)
  object space 195072K, 93% used [0x00000000c0000000,0x00000000cb27f9e0,0x00000000cbe80000)
 Metaspace       used 59220K, committed 60480K, reserved 1114112K
  class space    used 6228K, committed 6784K, reserved 1048576K

Card table byte_map: [0x00000203fb4a0000,0x00000203fb6b0000] _byte_map_base: 0x00000203faea0000

Marking Bits: (ParMarkBitMap*) 0x00007ffcd2f93260
 Begin Bits: [0x000002038f000000, 0x0000020390000000)
 End Bits:   [0x0000020390000000, 0x0000020391000000)

Polling page: 0x00000203f9a60000

Metaspace:

Usage:
  Non-class:     51.75 MB used.
      Class:      6.08 MB used.
       Both:     57.83 MB used.

Virtual space:
  Non-class space:       64.00 MB reserved,      52.44 MB ( 82%) committed,  1 nodes.
      Class space:        1.00 GB reserved,       6.62 MB ( <1%) committed,  1 nodes.
             Both:        1.06 GB reserved,      59.06 MB (  5%) committed. 

Chunk freelists:
   Non-Class:  11.26 MB
       Class:  9.31 MB
        Both:  20.57 MB

MaxMetaspaceSize: unlimited
CompressedClassSpaceSize: 1.00 GB
Initial GC threshold: 21.00 MB
Current GC threshold: 97.31 MB
CDS: on
 - commit_granule_bytes: 65536.
 - commit_granule_words: 8192.
 - virtual_space_node_default_size: 8388608.
 - enlarge_chunks_in_place: 1.
 - use_allocation_guard: 0.


Internal statistics:

num_allocs_failed_limit: 11.
num_arena_births: 1050.
num_arena_deaths: 14.
num_vsnodes_births: 2.
num_vsnodes_deaths: 0.
num_space_committed: 945.
num_space_uncommitted: 0.
num_chunks_returned_to_freelist: 25.
num_chunks_taken_from_freelist: 3616.
num_chunk_merges: 12.
num_chunk_splits: 2215.
num_chunks_enlarged: 1246.
num_inconsistent_stats: 0.

CodeHeap 'non-profiled nmethods': size=120000Kb used=5670Kb max_used=5670Kb free=114329Kb
 bounds [0x0000020387ad0000, 0x0000020388060000, 0x000002038f000000]
CodeHeap 'profiled nmethods': size=120000Kb used=18690Kb max_used=18690Kb free=101309Kb
 bounds [0x0000020380000000, 0x0000020381250000, 0x0000020387530000]
CodeHeap 'non-nmethods': size=5760Kb used=1450Kb max_used=1519Kb free=4309Kb
 bounds [0x0000020387530000, 0x00000203877a0000, 0x0000020387ad0000]
 total_blobs=9217 nmethods=8464 adapters=659
 compilation: enabled
              stopped_count=0, restarted_count=0
 full_count=0

Compilation events (20 events):
Event: 88.544 Thread 0x00000203feee98c0 nmethod 9228 0x00000203811f2510 code [0x00000203811f26e0, 0x00000203811f29b8]
Event: 88.544 Thread 0x00000203feee98c0 9227       3       lombok.eclipse.TransformEclipseAST$AnnotationVisitor::visitAnnotationOnType (41 bytes)
Event: 88.546 Thread 0x00000203feee98c0 nmethod 9227 0x00000203811f2b10 code [0x00000203811f2d00, 0x00000203811f3410]
Event: 88.546 Thread 0x00000203feee98c0 9229   !   3       org.eclipse.jdt.internal.compiler.parser.Scanner::jumpOverMethodBody (2573 bytes)
Event: 88.548 Thread 0x00000203feeb0b30 nmethod 9196 0x0000020388054510 code [0x00000203880546c0, 0x0000020388054c78]
Event: 88.549 Thread 0x00000203feeb0b30 9231   !   4       org.eclipse.jdt.internal.compiler.parser.Scanner::getNextToken0 (3094 bytes)
Event: 88.568 Thread 0x00000203feee98c0 nmethod 9229 0x00000203811f3690 code [0x00000203811f4020, 0x00000203811faa40]
Event: 88.568 Thread 0x00000203feee98c0 9234       3       lombok.core.configuration.BubblingConfigurationResolver::resolve (432 bytes)
Event: 88.575 Thread 0x00000203feee98c0 nmethod 9234 0x00000203811fe490 code [0x00000203811fea20, 0x0000020381201ce0]
Event: 88.575 Thread 0x00000203feee98c0 9241       3       lombok.eclipse.EclipseAST::buildArguments (56 bytes)
Event: 88.576 Thread 0x00000203feee98c0 nmethod 9241 0x0000020381202c10 code [0x0000020381202e40, 0x0000020381203738]
Event: 88.576 Thread 0x00000203feee98c0 9238       3       lombok.eclipse.Eclipse::poss (33 bytes)
Event: 88.576 Thread 0x00000203feee98c0 nmethod 9238 0x0000020381203b10 code [0x0000020381203cc0, 0x0000020381203ea8]
Event: 88.576 Thread 0x00000203feee98c0 9239       3       lombok.eclipse.handlers.EclipseHandlerUtil::generateQualifiedTypeRef (73 bytes)
Event: 88.577 Thread 0x00000203feee98c0 nmethod 9239 0x0000020381203f90 code [0x0000020381204180, 0x00000203812045f8]
Event: 88.577 Thread 0x00000203feee98c0 9240       3       lombok.core.AnnotationValues::of (13 bytes)
Event: 88.577 Thread 0x00000203feee98c0 nmethod 9240 0x0000020381204890 code [0x0000020381204a40, 0x0000020381204cf0]
Event: 88.577 Thread 0x00000203feee98c0 9242       3       java.lang.Class::enumConstantDirectory (107 bytes)
Event: 88.579 Thread 0x00000203feee98c0 nmethod 9242 0x0000020381204e10 code [0x00000203812050a0, 0x0000020381205b00]
Event: 88.579 Thread 0x00000203feee98c0 9246       3       lombok.eclipse.handlers.EclipseHandlerUtil::copyType (631 bytes)

GC Heap History (20 events):
Event: 87.717 GC heap before
{Heap before GC invocations=129 (full 3):
 PSYoungGen      total 4608K, used 4275K [0x00000000eab00000, 0x00000000eb080000, 0x0000000100000000)
  eden space 3584K, 100% used [0x00000000eab00000,0x00000000eae80000,0x00000000eae80000)
  from space 1024K, 67% used [0x00000000eae80000,0x00000000eaf2cf60,0x00000000eaf80000)
  to   space 1024K, 0% used [0x00000000eaf80000,0x00000000eaf80000,0x00000000eb080000)
 ParOldGen       total 195072K, used 175445K [0x00000000c0000000, 0x00000000cbe80000, 0x00000000eab00000)
  object space 195072K, 89% used [0x00000000c0000000,0x00000000cab554a0,0x00000000cbe80000)
 Metaspace       used 58834K, committed 60096K, reserved 1114112K
  class space    used 6210K, committed 6784K, reserved 1048576K
}
Event: 87.721 GC heap after
{Heap after GC invocations=129 (full 3):
 PSYoungGen      total 4608K, used 903K [0x00000000eab00000, 0x00000000eb080000, 0x0000000100000000)
  eden space 3584K, 0% used [0x00000000eab00000,0x00000000eab00000,0x00000000eae80000)
  from space 1024K, 88% used [0x00000000eaf80000,0x00000000eb061cd8,0x00000000eb080000)
  to   space 1024K, 0% used [0x00000000eae80000,0x00000000eae80000,0x00000000eaf80000)
 ParOldGen       total 195072K, used 176091K [0x00000000c0000000, 0x00000000cbe80000, 0x00000000eab00000)
  object space 195072K, 90% used [0x00000000c0000000,0x00000000cabf6f48,0x00000000cbe80000)
 Metaspace       used 58834K, committed 60096K, reserved 1114112K
  class space    used 6210K, committed 6784K, reserved 1048576K
}
Event: 87.742 GC heap before
{Heap before GC invocations=130 (full 3):
 PSYoungGen      total 4608K, used 4487K [0x00000000eab00000, 0x00000000eb080000, 0x0000000100000000)
  eden space 3584K, 100% used [0x00000000eab00000,0x00000000eae80000,0x00000000eae80000)
  from space 1024K, 88% used [0x00000000eaf80000,0x00000000eb061cd8,0x00000000eb080000)
  to   space 1024K, 0% used [0x00000000eae80000,0x00000000eae80000,0x00000000eaf80000)
 ParOldGen       total 195072K, used 176091K [0x00000000c0000000, 0x00000000cbe80000, 0x00000000eab00000)
  object space 195072K, 90% used [0x00000000c0000000,0x00000000cabf6f48,0x00000000cbe80000)
 Metaspace       used 58846K, committed 60096K, reserved 1114112K
  class space    used 6210K, committed 6784K, reserved 1048576K
}
Event: 87.744 GC heap after
{Heap after GC invocations=130 (full 3):
 PSYoungGen      total 4608K, used 914K [0x00000000eab00000, 0x00000000eb080000, 0x0000000100000000)
  eden space 3584K, 0% used [0x00000000eab00000,0x00000000eab00000,0x00000000eae80000)
  from space 1024K, 89% used [0x00000000eae80000,0x00000000eaf64880,0x00000000eaf80000)
  to   space 1024K, 0% used [0x00000000eaf80000,0x00000000eaf80000,0x00000000eb080000)
 ParOldGen       total 195072K, used 176832K [0x00000000c0000000, 0x00000000cbe80000, 0x00000000eab00000)
  object space 195072K, 90% used [0x00000000c0000000,0x00000000cacb02b0,0x00000000cbe80000)
 Metaspace       used 58846K, committed 60096K, reserved 1114112K
  class space    used 6210K, committed 6784K, reserved 1048576K
}
Event: 87.761 GC heap before
{Heap before GC invocations=131 (full 3):
 PSYoungGen      total 4608K, used 4480K [0x00000000eab00000, 0x00000000eb080000, 0x0000000100000000)
  eden space 3584K, 99% used [0x00000000eab00000,0x00000000eae7b968,0x00000000eae80000)
  from space 1024K, 89% used [0x00000000eae80000,0x00000000eaf64880,0x00000000eaf80000)
  to   space 1024K, 0% used [0x00000000eaf80000,0x00000000eaf80000,0x00000000eb080000)
 ParOldGen       total 195072K, used 176832K [0x00000000c0000000, 0x00000000cbe80000, 0x00000000eab00000)
  object space 195072K, 90% used [0x00000000c0000000,0x00000000cacb02b0,0x00000000cbe80000)
 Metaspace       used 58857K, committed 60096K, reserved 1114112K
  class space    used 6211K, committed 6784K, reserved 1048576K
}
Event: 87.763 GC heap after
{Heap after GC invocations=131 (full 3):
 PSYoungGen      total 4608K, used 754K [0x00000000eab00000, 0x00000000eb080000, 0x0000000100000000)
  eden space 3584K, 0% used [0x00000000eab00000,0x00000000eab00000,0x00000000eae80000)
  from space 1024K, 73% used [0x00000000eaf80000,0x00000000eb03cb70,0x00000000eb080000)
  to   space 1024K, 0% used [0x00000000eae80000,0x00000000eae80000,0x00000000eaf80000)
 ParOldGen       total 195072K, used 177582K [0x00000000c0000000, 0x00000000cbe80000, 0x00000000eab00000)
  object space 195072K, 91% used [0x00000000c0000000,0x00000000cad6b9a8,0x00000000cbe80000)
 Metaspace       used 58857K, committed 60096K, reserved 1114112K
  class space    used 6211K, committed 6784K, reserved 1048576K
}
Event: 87.785 GC heap before
{Heap before GC invocations=132 (full 3):
 PSYoungGen      total 4608K, used 4338K [0x00000000eab00000, 0x00000000eb080000, 0x0000000100000000)
  eden space 3584K, 100% used [0x00000000eab00000,0x00000000eae80000,0x00000000eae80000)
  from space 1024K, 73% used [0x00000000eaf80000,0x00000000eb03cb70,0x00000000eb080000)
  to   space 1024K, 0% used [0x00000000eae80000,0x00000000eae80000,0x00000000eaf80000)
 ParOldGen       total 195072K, used 177582K [0x00000000c0000000, 0x00000000cbe80000, 0x00000000eab00000)
  object space 195072K, 91% used [0x00000000c0000000,0x00000000cad6b9a8,0x00000000cbe80000)
 Metaspace       used 58887K, committed 60160K, reserved 1114112K
  class space    used 6215K, committed 6784K, reserved 1048576K
}
Event: 87.788 GC heap after
{Heap after GC invocations=132 (full 3):
 PSYoungGen      total 4608K, used 955K [0x00000000eab00000, 0x00000000eb080000, 0x0000000100000000)
  eden space 3584K, 0% used [0x00000000eab00000,0x00000000eab00000,0x00000000eae80000)
  from space 1024K, 93% used [0x00000000eae80000,0x00000000eaf6ecb8,0x00000000eaf80000)
  to   space 1024K, 0% used [0x00000000eaf80000,0x00000000eaf80000,0x00000000eb080000)
 ParOldGen       total 195072K, used 178205K [0x00000000c0000000, 0x00000000cbe80000, 0x00000000eab00000)
  object space 195072K, 91% used [0x00000000c0000000,0x00000000cae07690,0x00000000cbe80000)
 Metaspace       used 58887K, committed 60160K, reserved 1114112K
  class space    used 6215K, committed 6784K, reserved 1048576K
}
Event: 87.845 GC heap before
{Heap before GC invocations=133 (full 3):
 PSYoungGen      total 4608K, used 4539K [0x00000000eab00000, 0x00000000eb080000, 0x0000000100000000)
  eden space 3584K, 100% used [0x00000000eab00000,0x00000000eae80000,0x00000000eae80000)
  from space 1024K, 93% used [0x00000000eae80000,0x00000000eaf6ecb8,0x00000000eaf80000)
  to   space 1024K, 0% used [0x00000000eaf80000,0x00000000eaf80000,0x00000000eb080000)
 ParOldGen       total 195072K, used 178214K [0x00000000c0000000, 0x00000000cbe80000, 0x00000000eab00000)
  object space 195072K, 91% used [0x00000000c0000000,0x00000000cae09860,0x00000000cbe80000)
 Metaspace       used 58964K, committed 60224K, reserved 1114112K
  class space    used 6220K, committed 6784K, reserved 1048576K
}
Event: 87.848 GC heap after
{Heap after GC invocations=133 (full 3):
 PSYoungGen      total 4608K, used 980K [0x00000000eab00000, 0x00000000eb080000, 0x0000000100000000)
  eden space 3584K, 0% used [0x00000000eab00000,0x00000000eab00000,0x00000000eae80000)
  from space 1024K, 95% used [0x00000000eaf80000,0x00000000eb075388,0x00000000eb080000)
  to   space 1024K, 0% used [0x00000000eae80000,0x00000000eae80000,0x00000000eaf80000)
 ParOldGen       total 195072K, used 179008K [0x00000000c0000000, 0x00000000cbe80000, 0x00000000eab00000)
  object space 195072K, 91% used [0x00000000c0000000,0x00000000caed0220,0x00000000cbe80000)
 Metaspace       used 58964K, committed 60224K, reserved 1114112K
  class space    used 6220K, committed 6784K, reserved 1048576K
}
Event: 87.874 GC heap before
{Heap before GC invocations=134 (full 3):
 PSYoungGen      total 4608K, used 4564K [0x00000000eab00000, 0x00000000eb080000, 0x0000000100000000)
  eden space 3584K, 100% used [0x00000000eab00000,0x00000000eae80000,0x00000000eae80000)
  from space 1024K, 95% used [0x00000000eaf80000,0x00000000eb075388,0x00000000eb080000)
  to   space 1024K, 0% used [0x00000000eae80000,0x00000000eae80000,0x00000000eaf80000)
 ParOldGen       total 195072K, used 179011K [0x00000000c0000000, 0x00000000cbe80000, 0x00000000eab00000)
  object space 195072K, 91% used [0x00000000c0000000,0x00000000caed0ed0,0x00000000cbe80000)
 Metaspace       used 59067K, committed 60288K, reserved 1114112K
  class space    used 6222K, committed 6784K, reserved 1048576K
}
Event: 87.877 GC heap after
{Heap after GC invocations=134 (full 3):
 PSYoungGen      total 4608K, used 721K [0x00000000eab00000, 0x00000000eb080000, 0x0000000100000000)
  eden space 3584K, 0% used [0x00000000eab00000,0x00000000eab00000,0x00000000eae80000)
  from space 1024K, 70% used [0x00000000eae80000,0x00000000eaf347c8,0x00000000eaf80000)
  to   space 1024K, 0% used [0x00000000eaf80000,0x00000000eaf80000,0x00000000eb080000)
 ParOldGen       total 195072K, used 179832K [0x00000000c0000000, 0x00000000cbe80000, 0x00000000eab00000)
  object space 195072K, 92% used [0x00000000c0000000,0x00000000caf9e0e8,0x00000000cbe80000)
 Metaspace       used 59067K, committed 60288K, reserved 1114112K
  class space    used 6222K, committed 6784K, reserved 1048576K
}
Event: 87.903 GC heap before
{Heap before GC invocations=135 (full 3):
 PSYoungGen      total 4608K, used 4305K [0x00000000eab00000, 0x00000000eb080000, 0x0000000100000000)
  eden space 3584K, 100% used [0x00000000eab00000,0x00000000eae80000,0x00000000eae80000)
  from space 1024K, 70% used [0x00000000eae80000,0x00000000eaf347c8,0x00000000eaf80000)
  to   space 1024K, 0% used [0x00000000eaf80000,0x00000000eaf80000,0x00000000eb080000)
 ParOldGen       total 195072K, used 179832K [0x00000000c0000000, 0x00000000cbe80000, 0x00000000eab00000)
  object space 195072K, 92% used [0x00000000c0000000,0x00000000caf9e0e8,0x00000000cbe80000)
 Metaspace       used 59083K, committed 60352K, reserved 1114112K
  class space    used 6224K, committed 6784K, reserved 1048576K
}
Event: 87.906 GC heap after
{Heap after GC invocations=135 (full 3):
 PSYoungGen      total 4608K, used 899K [0x00000000eab00000, 0x00000000eb080000, 0x0000000100000000)
  eden space 3584K, 0% used [0x00000000eab00000,0x00000000eab00000,0x00000000eae80000)
  from space 1024K, 87% used [0x00000000eaf80000,0x00000000eb060ca0,0x00000000eb080000)
  to   space 1024K, 0% used [0x00000000eae80000,0x00000000eae80000,0x00000000eaf80000)
 ParOldGen       total 195072K, used 180408K [0x00000000c0000000, 0x00000000cbe80000, 0x00000000eab00000)
  object space 195072K, 92% used [0x00000000c0000000,0x00000000cb02e3d0,0x00000000cbe80000)
 Metaspace       used 59083K, committed 60352K, reserved 1114112K
  class space    used 6224K, committed 6784K, reserved 1048576K
}
Event: 87.955 GC heap before
{Heap before GC invocations=136 (full 3):
 PSYoungGen      total 4608K, used 4483K [0x00000000eab00000, 0x00000000eb080000, 0x0000000100000000)
  eden space 3584K, 99% used [0x00000000eab00000,0x00000000eae7fff8,0x00000000eae80000)
  from space 1024K, 87% used [0x00000000eaf80000,0x00000000eb060ca0,0x00000000eb080000)
  to   space 1024K, 0% used [0x00000000eae80000,0x00000000eae80000,0x00000000eaf80000)
 ParOldGen       total 195072K, used 180408K [0x00000000c0000000, 0x00000000cbe80000, 0x00000000eab00000)
  object space 195072K, 92% used [0x00000000c0000000,0x00000000cb02e3d0,0x00000000cbe80000)
 Metaspace       used 59114K, committed 60352K, reserved 1114112K
  class space    used 6226K, committed 6784K, reserved 1048576K
}
Event: 87.957 GC heap after
{Heap after GC invocations=136 (full 3):
 PSYoungGen      total 4608K, used 578K [0x00000000eab00000, 0x00000000eb080000, 0x0000000100000000)
  eden space 3584K, 0% used [0x00000000eab00000,0x00000000eab00000,0x00000000eae80000)
  from space 1024K, 56% used [0x00000000eae80000,0x00000000eaf10aa0,0x00000000eaf80000)
  to   space 1024K, 0% used [0x00000000eaf80000,0x00000000eaf80000,0x00000000eb080000)
 ParOldGen       total 195072K, used 181190K [0x00000000c0000000, 0x00000000cbe80000, 0x00000000eab00000)
  object space 195072K, 92% used [0x00000000c0000000,0x00000000cb0f1bf0,0x00000000cbe80000)
 Metaspace       used 59114K, committed 60352K, reserved 1114112K
  class space    used 6226K, committed 6784K, reserved 1048576K
}
Event: 88.087 GC heap before
{Heap before GC invocations=137 (full 3):
 PSYoungGen      total 4608K, used 4162K [0x00000000eab00000, 0x00000000eb080000, 0x0000000100000000)
  eden space 3584K, 100% used [0x00000000eab00000,0x00000000eae80000,0x00000000eae80000)
  from space 1024K, 56% used [0x00000000eae80000,0x00000000eaf10aa0,0x00000000eaf80000)
  to   space 1024K, 0% used [0x00000000eaf80000,0x00000000eaf80000,0x00000000eb080000)
 ParOldGen       total 195072K, used 181190K [0x00000000c0000000, 0x00000000cbe80000, 0x00000000eab00000)
  object space 195072K, 92% used [0x00000000c0000000,0x00000000cb0f1bf0,0x00000000cbe80000)
 Metaspace       used 59156K, committed 60480K, reserved 1114112K
  class space    used 6226K, committed 6784K, reserved 1048576K
}
Event: 88.090 GC heap after
{Heap after GC invocations=137 (full 3):
 PSYoungGen      total 4608K, used 573K [0x00000000eab00000, 0x00000000eb080000, 0x0000000100000000)
  eden space 3584K, 0% used [0x00000000eab00000,0x00000000eab00000,0x00000000eae80000)
  from space 1024K, 56% used [0x00000000eaf80000,0x00000000eb00f738,0x00000000eb080000)
  to   space 1024K, 0% used [0x00000000eae80000,0x00000000eae80000,0x00000000eaf80000)
 ParOldGen       total 195072K, used 181663K [0x00000000c0000000, 0x00000000cbe80000, 0x00000000eab00000)
  object space 195072K, 93% used [0x00000000c0000000,0x00000000cb167ee8,0x00000000cbe80000)
 Metaspace       used 59156K, committed 60480K, reserved 1114112K
  class space    used 6226K, committed 6784K, reserved 1048576K
}
Event: 88.537 GC heap before
{Heap before GC invocations=138 (full 3):
 PSYoungGen      total 4608K, used 4157K [0x00000000eab00000, 0x00000000eb080000, 0x0000000100000000)
  eden space 3584K, 100% used [0x00000000eab00000,0x00000000eae80000,0x00000000eae80000)
  from space 1024K, 56% used [0x00000000eaf80000,0x00000000eb00f738,0x00000000eb080000)
  to   space 1024K, 0% used [0x00000000eae80000,0x00000000eae80000,0x00000000eaf80000)
 ParOldGen       total 195072K, used 181663K [0x00000000c0000000, 0x00000000cbe80000, 0x00000000eab00000)
  object space 195072K, 93% used [0x00000000c0000000,0x00000000cb167ee8,0x00000000cbe80000)
 Metaspace       used 59173K, committed 60480K, reserved 1114112K
  class space    used 6227K, committed 6784K, reserved 1048576K
}
Event: 88.539 GC heap after
{Heap after GC invocations=138 (full 3):
 PSYoungGen      total 4608K, used 523K [0x00000000eab00000, 0x00000000eb080000, 0x0000000100000000)
  eden space 3584K, 0% used [0x00000000eab00000,0x00000000eab00000,0x00000000eae80000)
  from space 1024K, 51% used [0x00000000eae80000,0x00000000eaf02df8,0x00000000eaf80000)
  to   space 1024K, 0% used [0x00000000eaf80000,0x00000000eaf80000,0x00000000eb080000)
 ParOldGen       total 195072K, used 182071K [0x00000000c0000000, 0x00000000cbe80000, 0x00000000eab00000)
  object space 195072K, 93% used [0x00000000c0000000,0x00000000cb1cdc18,0x00000000cbe80000)
 Metaspace       used 59173K, committed 60480K, reserved 1114112K
  class space    used 6227K, committed 6784K, reserved 1048576K
}

Dll operation events (12 events):
Event: 0.080 Loaded shared library c:\Users\kimda\.vscode\extensions\redhat.java-1.41.1-win32-x64\jre\21.0.6-win32-x86_64\bin\java.dll
Event: 0.382 Loaded shared library c:\Users\kimda\.vscode\extensions\redhat.java-1.41.1-win32-x64\jre\21.0.6-win32-x86_64\bin\zip.dll
Event: 0.520 Loaded shared library C:\Users\kimda\.vscode\extensions\redhat.java-1.41.1-win32-x64\jre\21.0.6-win32-x86_64\bin\instrument.dll
Event: 0.594 Loaded shared library C:\Users\kimda\.vscode\extensions\redhat.java-1.41.1-win32-x64\jre\21.0.6-win32-x86_64\bin\net.dll
Event: 0.651 Loaded shared library C:\Users\kimda\.vscode\extensions\redhat.java-1.41.1-win32-x64\jre\21.0.6-win32-x86_64\bin\nio.dll
Event: 0.658 Loaded shared library C:\Users\kimda\.vscode\extensions\redhat.java-1.41.1-win32-x64\jre\21.0.6-win32-x86_64\bin\zip.dll
Event: 0.742 Loaded shared library C:\Users\kimda\.vscode\extensions\redhat.java-1.41.1-win32-x64\jre\21.0.6-win32-x86_64\bin\jimage.dll
Event: 1.162 Loaded shared library c:\Users\kimda\.vscode\extensions\redhat.java-1.41.1-win32-x64\jre\21.0.6-win32-x86_64\bin\verify.dll
Event: 16.453 Loaded shared library C:\Users\kimda\AppData\Roaming\Code\User\globalStorage\redhat.java\1.41.1\config_win\org.eclipse.equinox.launcher\org.eclipse.equinox.launcher.win32.win32.x86_64_1.2.1300.v20250331-1702\eclipse_11911.dll
Event: 41.577 Loaded shared library C:\Users\kimda\AppData\Local\Temp\jna-102052748\jna951832432968817281.dll
Event: 46.464 Loaded shared library C:\Users\kimda\.vscode\extensions\redhat.java-1.41.1-win32-x64\jre\21.0.6-win32-x86_64\bin\sunmscapi.dll
Event: 49.284 Loaded shared library C:\Users\kimda\.vscode\extensions\redhat.java-1.41.1-win32-x64\jre\21.0.6-win32-x86_64\bin\extnet.dll

Deoptimization events (20 events):
Event: 88.002 Thread 0x00000203d8bce500 DEOPT PACKING pc=0x00000203810ce884 sp=0x000000697aefe720
Event: 88.002 Thread 0x00000203d8bce500 DEOPT UNPACKING pc=0x00000203875878e2 sp=0x000000697aefdc78 mode 0
Event: 88.116 Thread 0x00000203d8bcde70 Uncommon trap: trap_request=0xffffff45 fr.pc=0x000002038804b440 relative=0x0000000000000b00
Event: 88.116 Thread 0x00000203d8bcde70 Uncommon trap: reason=unstable_if action=reinterpret pc=0x000002038804b440 method=sun.nio.cs.UTF_8$Decoder.decodeArrayLoop(Ljava/nio/ByteBuffer;Ljava/nio/CharBuffer;)Ljava/nio/charset/CoderResult; @ 264 c2
Event: 88.116 Thread 0x00000203d8bcde70 DEOPT PACKING pc=0x000002038804b440 sp=0x000000697adfeef0
Event: 88.116 Thread 0x00000203d8bcde70 DEOPT UNPACKING pc=0x0000020387586da2 sp=0x000000697adfee38 mode 2
Event: 88.116 Thread 0x00000203d8bcde70 Uncommon trap: trap_request=0xffffff45 fr.pc=0x0000020387d531e4 relative=0x0000000000000044
Event: 88.116 Thread 0x00000203d8bcde70 Uncommon trap: reason=unstable_if action=reinterpret pc=0x0000020387d531e4 method=java.lang.Character.isSurrogate(C)Z @ 3 c2
Event: 88.116 Thread 0x00000203d8bcde70 DEOPT PACKING pc=0x0000020387d531e4 sp=0x000000697adfee40
Event: 88.116 Thread 0x00000203d8bcde70 DEOPT UNPACKING pc=0x0000020387586da2 sp=0x000000697adfedd8 mode 2
Event: 88.134 Thread 0x00000203d8bd1980 DEOPT PACKING pc=0x00000203811e8904 sp=0x000000697abfeb80
Event: 88.134 Thread 0x00000203d8bd1980 DEOPT UNPACKING pc=0x00000203875878e2 sp=0x000000697abfe0d8 mode 0
Event: 88.540 Thread 0x00000203d2baa9b0 Uncommon trap: trap_request=0xffffff45 fr.pc=0x000002038803f6a8 relative=0x0000000000001628
Event: 88.540 Thread 0x00000203d2baa9b0 Uncommon trap: reason=unstable_if action=reinterpret pc=0x000002038803f6a8 method=lombok.core.configuration.FileSystemSourceCache.parseIfNeccesary(Llombok/core/configuration/ConfigurationFile;Llombok/core/configuration/ConfigurationParser;)Llombok/core/co
Event: 88.540 Thread 0x00000203d2baa9b0 DEOPT PACKING pc=0x000002038803f6a8 sp=0x0000006978ffd1f0
Event: 88.540 Thread 0x00000203d2baa9b0 DEOPT UNPACKING pc=0x0000020387586da2 sp=0x0000006978ffd038 mode 2
Event: 88.540 Thread 0x00000203d2baa9b0 Uncommon trap: trap_request=0xffffff45 fr.pc=0x0000020387ccef10 relative=0x0000000000000990
Event: 88.540 Thread 0x00000203d2baa9b0 Uncommon trap: reason=unstable_if action=reinterpret pc=0x0000020387ccef10 method=lombok.core.configuration.FileSystemSourceCache.parseIfNeccesary(Llombok/core/configuration/ConfigurationFile;Llombok/core/configuration/ConfigurationParser;)Llombok/core/co
Event: 88.540 Thread 0x00000203d2baa9b0 DEOPT PACKING pc=0x0000020387ccef10 sp=0x0000006978ffd0f0
Event: 88.540 Thread 0x00000203d2baa9b0 DEOPT UNPACKING pc=0x0000020387586da2 sp=0x0000006978ffd098 mode 2

Classes loaded (20 events):
Event: 52.953 Loading class java/util/concurrent/CompletableFuture$AsynchronousCompletionTask done
Event: 52.954 Loading class java/util/concurrent/CompletableFuture$Completion done
Event: 52.961 Loading class sun/nio/ch/WindowsAsynchronousFileChannelImpl$WriteTask
Event: 52.961 Loading class sun/nio/ch/WindowsAsynchronousFileChannelImpl$WriteTask done
Event: 53.402 Loading class jdk/internal/math/FormattedFPDecimal
Event: 53.402 Loading class jdk/internal/math/FormattedFPDecimal done
Event: 56.634 Loading class sun/security/ssl/Alert
Event: 56.635 Loading class sun/security/ssl/Alert done
Event: 56.635 Loading class sun/security/ssl/Alert$AlertConsumer
Event: 56.636 Loading class sun/security/ssl/Alert$AlertConsumer done
Event: 56.636 Loading class sun/security/ssl/Alert$Level
Event: 56.636 Loading class sun/security/ssl/Alert$Level done
Event: 82.395 Loading class java/util/ImmutableCollections$SubList
Event: 82.402 Loading class java/util/ImmutableCollections$SubList done
Event: 83.769 Loading class java/util/concurrent/ForkJoinTask$AdaptedCallable
Event: 83.770 Loading class java/util/concurrent/ForkJoinTask$AdaptedCallable done
Event: 86.291 Loading class java/util/regex/Pattern$Caret
Event: 86.292 Loading class java/util/regex/Pattern$Caret done
Event: 86.420 Loading class java/util/regex/Pattern$LazyLoop
Event: 86.421 Loading class java/util/regex/Pattern$LazyLoop done

Classes unloaded (7 events):
Event: 42.689 Thread 0x00000203fee92570 Unloading class 0x0000020392199000 'java/lang/invoke/LambdaForm$MH+0x0000020392199000'
Event: 42.689 Thread 0x00000203fee92570 Unloading class 0x0000020392198c00 'java/lang/invoke/LambdaForm$MH+0x0000020392198c00'
Event: 42.689 Thread 0x00000203fee92570 Unloading class 0x0000020392198800 'java/lang/invoke/LambdaForm$MH+0x0000020392198800'
Event: 42.689 Thread 0x00000203fee92570 Unloading class 0x0000020392198400 'java/lang/invoke/LambdaForm$MH+0x0000020392198400'
Event: 42.689 Thread 0x00000203fee92570 Unloading class 0x0000020392198000 'java/lang/invoke/LambdaForm$BMH+0x0000020392198000'
Event: 42.689 Thread 0x00000203fee92570 Unloading class 0x0000020392197c00 'java/lang/invoke/LambdaForm$DMH+0x0000020392197c00'
Event: 42.689 Thread 0x00000203fee92570 Unloading class 0x0000020392196c00 'java/lang/invoke/LambdaForm$DMH+0x0000020392196c00'

Classes redefined (0 events):
No events

Internal exceptions (20 events):
Event: 82.231 Thread 0x00000203d2baa9b0 Exception <a 'java/io/FileNotFoundException'{0x00000000ead4e3f8}> (0x00000000ead4e3f8) 
thrown [s\src\hotspot\share\prims\jni.cpp, line 520]
Event: 83.767 Thread 0x00000203d2baa9b0 Exception <a 'sun/nio/fs/WindowsException'{0x00000000eacd58f0}> (0x00000000eacd58f0) 
thrown [s\src\hotspot\share\prims\jni.cpp, line 520]
Event: 83.778 Thread 0x00000203d8bccac0 Exception <a 'sun/nio/fs/WindowsException'{0x00000000ead2ed78}> (0x00000000ead2ed78) 
thrown [s\src\hotspot\share\prims\jni.cpp, line 520]
Event: 83.780 Thread 0x00000203d8bccac0 Exception <a 'sun/nio/fs/WindowsException'{0x00000000ead343b8}> (0x00000000ead343b8) 
thrown [s\src\hotspot\share\prims\jni.cpp, line 520]
Event: 83.782 Thread 0x00000203d8bccac0 Exception <a 'sun/nio/fs/WindowsException'{0x00000000ead396f8}> (0x00000000ead396f8) 
thrown [s\src\hotspot\share\prims\jni.cpp, line 520]
Event: 83.793 Thread 0x00000203d8bcff40 Exception <a 'sun/nio/fs/WindowsException'{0x00000000eada8460}> (0x00000000eada8460) 
thrown [s\src\hotspot\share\prims\jni.cpp, line 520]
Event: 83.794 Thread 0x00000203d8bd05d0 Exception <a 'sun/nio/fs/WindowsException'{0x00000000eadad758}> (0x00000000eadad758) 
thrown [s\src\hotspot\share\prims\jni.cpp, line 520]
Event: 83.800 Thread 0x00000203d8bcc430 Exception <a 'sun/nio/fs/WindowsException'{0x00000000ead7f0d0}> (0x00000000ead7f0d0) 
thrown [s\src\hotspot\share\prims\jni.cpp, line 520]
Event: 83.814 Thread 0x00000203d8bd26a0 Exception <a 'sun/nio/fs/WindowsException'{0x00000000eadb7f98}> (0x00000000eadb7f98) 
thrown [s\src\hotspot\share\prims\jni.cpp, line 520]
Event: 83.815 Thread 0x00000203d8bd12f0 Exception <a 'sun/nio/fs/WindowsException'{0x00000000eadb3e70}> (0x00000000eadb3e70) 
thrown [s\src\hotspot\share\prims\jni.cpp, line 520]
Event: 83.815 Thread 0x00000203d8bd05d0 Exception <a 'sun/nio/fs/WindowsException'{0x00000000eadb0670}> (0x00000000eadb0670) 
thrown [s\src\hotspot\share\prims\jni.cpp, line 520]
Event: 83.825 Thread 0x00000203d8bcff40 Exception <a 'sun/nio/fs/WindowsException'{0x00000000eadbcd60}> (0x00000000eadbcd60) 
thrown [s\src\hotspot\share\prims\jni.cpp, line 520]
Event: 83.828 Thread 0x00000203d8bcd150 Exception <a 'sun/nio/fs/WindowsException'{0x00000000eadcd000}> (0x00000000eadcd000) 
thrown [s\src\hotspot\share\prims\jni.cpp, line 520]
Event: 83.832 Thread 0x00000203d8bd26a0 Exception <a 'sun/nio/fs/WindowsException'{0x00000000eadba678}> (0x00000000eadba678) 
thrown [s\src\hotspot\share\prims\jni.cpp, line 520]
Event: 83.833 Thread 0x00000203d8bd12f0 Exception <a 'sun/nio/fs/WindowsException'{0x00000000eadd2808}> (0x00000000eadd2808) 
thrown [s\src\hotspot\share\prims\jni.cpp, line 520]
Event: 83.834 Thread 0x00000203d8bd05d0 Exception <a 'sun/nio/fs/WindowsException'{0x00000000eadc40f0}> (0x00000000eadc40f0) 
thrown [s\src\hotspot\share\prims\jni.cpp, line 520]
Event: 83.849 Thread 0x00000203d8bcc430 Exception <a 'sun/nio/fs/WindowsException'{0x00000000ead816c0}> (0x00000000ead816c0) 
thrown [s\src\hotspot\share\prims\jni.cpp, line 520]
Event: 83.850 Thread 0x00000203d8bcff40 Exception <a 'sun/nio/fs/WindowsException'{0x00000000eadc0ac0}> (0x00000000eadc0ac0) 
thrown [s\src\hotspot\share\prims\jni.cpp, line 520]
Event: 83.851 Thread 0x00000203d8bd26a0 Exception <a 'sun/nio/fs/WindowsException'{0x00000000eadd7de0}> (0x00000000eadd7de0) 
thrown [s\src\hotspot\share\prims\jni.cpp, line 520]
Event: 83.857 Thread 0x00000203d8bcbda0 Exception <a 'sun/nio/fs/WindowsException'{0x00000000eadc94f0}> (0x00000000eadc94f0) 
thrown [s\src\hotspot\share\prims\jni.cpp, line 520]

ZGC Phase Switch (0 events):
No events

VM Operations (20 events):
Event: 87.744 Executing VM operation: ParallelGCFailedAllocation (Allocation Failure) done
Event: 87.761 Executing VM operation: ParallelGCFailedAllocation (Allocation Failure)
Event: 87.763 Executing VM operation: ParallelGCFailedAllocation (Allocation Failure) done
Event: 87.785 Executing VM operation: ParallelGCFailedAllocation (Allocation Failure)
Event: 87.788 Executing VM operation: ParallelGCFailedAllocation (Allocation Failure) done
Event: 87.845 Executing VM operation: ParallelGCFailedAllocation (Allocation Failure)
Event: 87.845 Executing VM operation: ParallelGCFailedAllocation (Allocation Failure) done
Event: 87.845 Executing VM operation: ParallelGCSystemGC (GCLocker Initiated GC)
Event: 87.848 Executing VM operation: ParallelGCSystemGC (GCLocker Initiated GC) done
Event: 87.874 Executing VM operation: ParallelGCFailedAllocation (Allocation Failure)
Event: 87.877 Executing VM operation: ParallelGCFailedAllocation (Allocation Failure) done
Event: 87.903 Executing VM operation: ParallelGCFailedAllocation (Allocation Failure)
Event: 87.906 Executing VM operation: ParallelGCFailedAllocation (Allocation Failure) done
Event: 87.945 Executing VM operation: ParallelGCFailedAllocation (Allocation Failure)
Event: 87.957 Executing VM operation: ParallelGCFailedAllocation (Allocation Failure) done
Event: 88.071 Executing VM operation: ParallelGCFailedAllocation (Allocation Failure)
Event: 88.090 Executing VM operation: ParallelGCFailedAllocation (Allocation Failure) done
Event: 88.139 Executing VM operation: ParallelGCFailedAllocation (Allocation Failure)
Event: 88.540 Executing VM operation: ParallelGCFailedAllocation (Allocation Failure) done
Event: 88.585 Executing VM operation: ParallelGCFailedAllocation (Allocation Failure)

Memory protections (0 events):
No events

Nmethod flushes (20 events):
Event: 87.261 Thread 0x00000203fee92570 flushing  nmethod 0x00000203809ad510
Event: 87.261 Thread 0x00000203fee92570 flushing  nmethod 0x00000203809af490
Event: 87.261 Thread 0x00000203fee92570 flushing  nmethod 0x00000203809b0d10
Event: 87.261 Thread 0x00000203fee92570 flushing  nmethod 0x00000203809b1310
Event: 87.261 Thread 0x00000203fee92570 flushing  nmethod 0x00000203809b1b90
Event: 87.261 Thread 0x00000203fee92570 flushing  nmethod 0x00000203809b2390
Event: 87.261 Thread 0x00000203fee92570 flushing  nmethod 0x00000203809b6010
Event: 87.261 Thread 0x00000203fee92570 flushing  nmethod 0x00000203809ba110
Event: 87.261 Thread 0x00000203fee92570 flushing  nmethod 0x00000203809be590
Event: 87.261 Thread 0x00000203fee92570 flushing  nmethod 0x00000203809e7590
Event: 87.261 Thread 0x00000203fee92570 flushing  nmethod 0x00000203809ead90
Event: 87.261 Thread 0x00000203fee92570 flushing  nmethod 0x00000203809ffb90
Event: 87.261 Thread 0x00000203fee92570 flushing  nmethod 0x0000020380a01410
Event: 87.261 Thread 0x00000203fee92570 flushing  nmethod 0x0000020380a01990
Event: 87.261 Thread 0x00000203fee92570 flushing  nmethod 0x0000020380a04e90
Event: 87.261 Thread 0x00000203fee92570 flushing  nmethod 0x0000020380a05590
Event: 87.261 Thread 0x00000203fee92570 flushing  nmethod 0x0000020380a05910
Event: 87.261 Thread 0x00000203fee92570 flushing  nmethod 0x0000020380a05f10
Event: 87.261 Thread 0x00000203fee92570 flushing  nmethod 0x0000020380a0ac10
Event: 87.261 Thread 0x00000203fee92570 flushing  nmethod 0x0000020380a0af90

Events (20 events):
Event: 65.954 Thread 0x00000203d76c2d80 Thread exited: 0x00000203d76c2d80
Event: 83.008 Thread 0x00000203feee98c0 Thread added: 0x00000203d9427730
Event: 83.333 Thread 0x00000203d9427730 Thread exited: 0x00000203d9427730
Event: 83.594 Thread 0x00000203feee98c0 Thread added: 0x00000203d9c956f0
Event: 83.771 Thread 0x00000203d2baa9b0 Thread added: 0x00000203d8bccac0
Event: 83.778 Thread 0x00000203d8bccac0 Thread added: 0x00000203d8bcc430
Event: 83.781 Thread 0x00000203d8bccac0 Thread added: 0x00000203d8bd26a0
Event: 83.791 Thread 0x00000203d8bccac0 Thread added: 0x00000203d8bcff40
Event: 83.791 Thread 0x00000203d8bcff40 Thread added: 0x00000203d8bd05d0
Event: 83.792 Thread 0x00000203d8bd05d0 Thread added: 0x00000203d8bcbda0
Event: 83.796 Thread 0x00000203d8bd05d0 Thread added: 0x00000203d8bcd150
Event: 83.798 Thread 0x00000203d8bcc430 Thread added: 0x00000203d8bd12f0
Event: 84.006 Thread 0x00000203d2baa9b0 Thread added: 0x00000203d8bd1980
Event: 84.006 Thread 0x00000203d2baa9b0 Thread added: 0x00000203d8bcd7e0
Event: 84.006 Thread 0x00000203d2baa9b0 Thread added: 0x00000203d8bcde70
Event: 84.007 Thread 0x00000203d2baa9b0 Thread added: 0x00000203d8bce500
Event: 84.007 Thread 0x00000203d2baa9b0 Thread added: 0x00000203d8bcf220
Event: 84.007 Thread 0x00000203d2baa9b0 Thread added: 0x00000203d8bcf8b0
Event: 84.892 Thread 0x00000203d9c956f0 Thread exited: 0x00000203d9c956f0
Event: 87.152 Thread 0x00000203feee98c0 Thread added: 0x00000203da15dea0


Dynamic libraries:
0x00007ff66f550000 - 0x00007ff66f55e000 	c:\Users\kimda\.vscode\extensions\redhat.java-1.41.1-win32-x64\jre\21.0.6-win32-x86_64\bin\java.exe
0x00007ffd31a90000 - 0x00007ffd31ca7000 	C:\WINDOWS\SYSTEM32\ntdll.dll
0x00007ffd30430000 - 0x00007ffd304f4000 	C:\WINDOWS\System32\KERNEL32.DLL
0x00007ffd2f010000 - 0x00007ffd2f3e3000 	C:\WINDOWS\System32\KERNELBASE.dll
0x00007ffd2f590000 - 0x00007ffd2f6a1000 	C:\WINDOWS\System32\ucrtbase.dll
0x00007ffd26140000 - 0x00007ffd26158000 	c:\Users\kimda\.vscode\extensions\redhat.java-1.41.1-win32-x64\jre\21.0.6-win32-x86_64\bin\jli.dll
0x00007ffd2f9f0000 - 0x00007ffd2fba1000 	C:\WINDOWS\System32\USER32.dll
0x00007ffd2efe0000 - 0x00007ffd2f006000 	C:\WINDOWS\System32\win32u.dll
0x00007ffd31810000 - 0x00007ffd31839000 	C:\WINDOWS\System32\GDI32.dll
0x00007ffd2f3f0000 - 0x00007ffd2f50b000 	C:\WINDOWS\System32\gdi32full.dll
0x00007ffd2ed10000 - 0x00007ffd2edaa000 	C:\WINDOWS\System32\msvcp_win.dll
0x00007ffd22600000 - 0x00007ffd2261e000 	c:\Users\kimda\.vscode\extensions\redhat.java-1.41.1-win32-x64\jre\21.0.6-win32-x86_64\bin\VCRUNTIME140.dll
0x00007ffd1ab30000 - 0x00007ffd1adc8000 	C:\WINDOWS\WinSxS\amd64_microsoft.windows.common-controls_6595b64144ccf1df_6.0.22621.5124_none_270e8f4f7386d69d\COMCTL32.dll
0x00007ffd302d0000 - 0x00007ffd30377000 	C:\WINDOWS\System32\msvcrt.dll
0x00007ffd31840000 - 0x00007ffd31871000 	C:\WINDOWS\System32\IMM32.DLL
0x00007ffd25e30000 - 0x00007ffd25e3c000 	c:\Users\kimda\.vscode\extensions\redhat.java-1.41.1-win32-x64\jre\21.0.6-win32-x86_64\bin\vcruntime140_1.dll
0x00007ffcf0b60000 - 0x00007ffcf0bed000 	c:\Users\kimda\.vscode\extensions\redhat.java-1.41.1-win32-x64\jre\21.0.6-win32-x86_64\bin\msvcp140.dll
0x00007ffcd22e0000 - 0x00007ffcd3070000 	c:\Users\kimda\.vscode\extensions\redhat.java-1.41.1-win32-x64\jre\21.0.6-win32-x86_64\bin\server\jvm.dll
0x00007ffd30e30000 - 0x00007ffd30ee1000 	C:\WINDOWS\System32\ADVAPI32.dll
0x00007ffd31880000 - 0x00007ffd31928000 	C:\WINDOWS\System32\sechost.dll
0x00007ffd2eba0000 - 0x00007ffd2ebc8000 	C:\WINDOWS\System32\bcrypt.dll
0x00007ffd31930000 - 0x00007ffd31a44000 	C:\WINDOWS\System32\RPCRT4.dll
0x00007ffd30ef0000 - 0x00007ffd30f61000 	C:\WINDOWS\System32\WS2_32.dll
0x00007ffd2d9e0000 - 0x00007ffd2da2d000 	C:\WINDOWS\SYSTEM32\POWRPROF.dll
0x00007ffd2bb60000 - 0x00007ffd2bb94000 	C:\WINDOWS\SYSTEM32\WINMM.dll
0x00007ffd25510000 - 0x00007ffd2551a000 	C:\WINDOWS\SYSTEM32\VERSION.dll
0x00007ffd2d9c0000 - 0x00007ffd2d9d3000 	C:\WINDOWS\SYSTEM32\UMPDC.dll
0x00007ffd2dc80000 - 0x00007ffd2dc98000 	C:\WINDOWS\SYSTEM32\kernel.appcore.dll
0x00007ffd25970000 - 0x00007ffd2597a000 	c:\Users\kimda\.vscode\extensions\redhat.java-1.41.1-win32-x64\jre\21.0.6-win32-x86_64\bin\jimage.dll
0x00007ffd2c520000 - 0x00007ffd2c752000 	C:\WINDOWS\SYSTEM32\DBGHELP.DLL
0x00007ffd31470000 - 0x00007ffd31802000 	C:\WINDOWS\System32\combase.dll
0x00007ffd301f0000 - 0x00007ffd302c7000 	C:\WINDOWS\System32\OLEAUT32.dll
0x00007ffd2bae0000 - 0x00007ffd2bb12000 	C:\WINDOWS\SYSTEM32\dbgcore.DLL
0x00007ffd2f510000 - 0x00007ffd2f58b000 	C:\WINDOWS\System32\bcryptPrimitives.dll
0x00007ffd24e90000 - 0x00007ffd24e9f000 	c:\Users\kimda\.vscode\extensions\redhat.java-1.41.1-win32-x64\jre\21.0.6-win32-x86_64\bin\instrument.dll
0x00007ffd16940000 - 0x00007ffd1695f000 	c:\Users\kimda\.vscode\extensions\redhat.java-1.41.1-win32-x64\jre\21.0.6-win32-x86_64\bin\java.dll
0x00007ffd30590000 - 0x00007ffd30e26000 	C:\WINDOWS\System32\SHELL32.dll
0x00007ffd2ebd0000 - 0x00007ffd2ed0f000 	C:\WINDOWS\System32\wintypes.dll
0x00007ffd2ca80000 - 0x00007ffd2d39a000 	C:\WINDOWS\SYSTEM32\windows.storage.dll
0x00007ffd2fdc0000 - 0x00007ffd2feca000 	C:\WINDOWS\System32\SHCORE.dll
0x00007ffd31400000 - 0x00007ffd31463000 	C:\WINDOWS\System32\shlwapi.dll
0x00007ffd2ead0000 - 0x00007ffd2eafb000 	C:\WINDOWS\SYSTEM32\profapi.dll
0x00007ffd12900000 - 0x00007ffd12918000 	c:\Users\kimda\.vscode\extensions\redhat.java-1.41.1-win32-x64\jre\21.0.6-win32-x86_64\bin\zip.dll
0x00007ffd227e0000 - 0x00007ffd227f0000 	C:\Users\kimda\.vscode\extensions\redhat.java-1.41.1-win32-x64\jre\21.0.6-win32-x86_64\bin\net.dll
0x00007ffd265c0000 - 0x00007ffd266ec000 	C:\WINDOWS\SYSTEM32\WINHTTP.dll
0x00007ffd2e100000 - 0x00007ffd2e16a000 	C:\WINDOWS\system32\mswsock.dll
0x00007ffd080e0000 - 0x00007ffd080f6000 	C:\Users\kimda\.vscode\extensions\redhat.java-1.41.1-win32-x64\jre\21.0.6-win32-x86_64\bin\nio.dll
0x00007ffd22030000 - 0x00007ffd22040000 	c:\Users\kimda\.vscode\extensions\redhat.java-1.41.1-win32-x64\jre\21.0.6-win32-x86_64\bin\verify.dll
0x00007ffcfa7b0000 - 0x00007ffcfa7f5000 	C:\Users\kimda\AppData\Roaming\Code\User\globalStorage\redhat.java\1.41.1\config_win\org.eclipse.equinox.launcher\org.eclipse.equinox.launcher.win32.win32.x86_64_1.2.1300.v20250331-1702\eclipse_11911.dll
0x00007ffd2fed0000 - 0x00007ffd30071000 	C:\WINDOWS\System32\ole32.dll
0x00007ffd2e370000 - 0x00007ffd2e38b000 	C:\WINDOWS\SYSTEM32\CRYPTSP.dll
0x00007ffd2dbe0000 - 0x00007ffd2dc17000 	C:\WINDOWS\system32\rsaenh.dll
0x00007ffd2e1e0000 - 0x00007ffd2e208000 	C:\WINDOWS\SYSTEM32\USERENV.dll
0x00007ffd2e390000 - 0x00007ffd2e39c000 	C:\WINDOWS\SYSTEM32\CRYPTBASE.dll
0x00007ffd2d660000 - 0x00007ffd2d68d000 	C:\WINDOWS\SYSTEM32\IPHLPAPI.DLL
0x00007ffd30080000 - 0x00007ffd30089000 	C:\WINDOWS\System32\NSI.dll
0x00007ffce6770000 - 0x00007ffce67b9000 	C:\Users\kimda\AppData\Local\Temp\jna-102052748\jna951832432968817281.dll
0x00007ffd30500000 - 0x00007ffd30508000 	C:\WINDOWS\System32\PSAPI.DLL
0x00007ffd26260000 - 0x00007ffd26279000 	C:\WINDOWS\SYSTEM32\dhcpcsvc6.DLL
0x00007ffd26580000 - 0x00007ffd2659f000 	C:\WINDOWS\SYSTEM32\dhcpcsvc.DLL
0x00007ffd21b40000 - 0x00007ffd21b4e000 	C:\Users\kimda\.vscode\extensions\redhat.java-1.41.1-win32-x64\jre\21.0.6-win32-x86_64\bin\sunmscapi.dll
0x00007ffd2edb0000 - 0x00007ffd2ef17000 	C:\WINDOWS\System32\CRYPT32.dll
0x00007ffd2e550000 - 0x00007ffd2e57d000 	C:\WINDOWS\SYSTEM32\ncrypt.dll
0x00007ffd2e510000 - 0x00007ffd2e547000 	C:\WINDOWS\SYSTEM32\NTASN1.dll
0x00007ffd2d690000 - 0x00007ffd2d792000 	C:\WINDOWS\SYSTEM32\DNSAPI.dll
0x00007ffd244b0000 - 0x00007ffd244ba000 	C:\Windows\System32\rasadhlp.dll
0x00007ffd24b00000 - 0x00007ffd24b83000 	C:\WINDOWS\System32\fwpuclnt.dll
0x00007ffd21ac0000 - 0x00007ffd21ac9000 	C:\Users\kimda\.vscode\extensions\redhat.java-1.41.1-win32-x64\jre\21.0.6-win32-x86_64\bin\extnet.dll

dbghelp: loaded successfully - version: 4.0.5 - missing functions: none
symbol engine: initialized successfully - sym options: 0x614 - pdb path: .;c:\Users\kimda\.vscode\extensions\redhat.java-1.41.1-win32-x64\jre\21.0.6-win32-x86_64\bin;C:\WINDOWS\SYSTEM32;C:\WINDOWS\WinSxS\amd64_microsoft.windows.common-controls_6595b64144ccf1df_6.0.22621.5124_none_270e8f4f7386d69d;c:\Users\kimda\.vscode\extensions\redhat.java-1.41.1-win32-x64\jre\21.0.6-win32-x86_64\bin\server;C:\Users\kimda\AppData\Roaming\Code\User\globalStorage\redhat.java\1.41.1\config_win\org.eclipse.equinox.launcher\org.eclipse.equinox.launcher.win32.win32.x86_64_1.2.1300.v20250331-1702;C:\Users\kimda\AppData\Local\Temp\jna-102052748

VM Arguments:
jvm_args: --add-modules=ALL-SYSTEM --add-opens=java.base/java.util=ALL-UNNAMED --add-opens=java.base/java.lang=ALL-UNNAMED --add-opens=java.base/sun.nio.fs=ALL-UNNAMED -Declipse.application=org.eclipse.jdt.ls.core.id1 -Dosgi.bundles.defaultStartLevel=4 -Declipse.product=org.eclipse.jdt.ls.core.product -Djava.import.generatesMetadataFilesAtProjectRoot=false -DDetectVMInstallationsJob.disabled=true -Dfile.encoding=utf8 -XX:+UseParallelGC -XX:GCTimeRatio=4 -XX:AdaptiveSizePolicyWeight=90 -Dsun.zip.disableMemoryMapping=true -Xmx1G -Xms100m -Xlog:disable -javaagent:c:\Users\kimda\.vscode\extensions\redhat.java-1.41.1-win32-x64\lombok\lombok-1.18.36.jar -XX:+HeapDumpOnOutOfMemoryError -XX:HeapDumpPath=c:\Users\kimda\AppData\Roaming\Code\User\workspaceStorage\cbc90a54d4b7c68b7d692620f0ed6c0a\redhat.java -Daether.dependencyCollector.impl=bf 
java_command: c:\Users\kimda\.vscode\extensions\redhat.java-1.41.1-win32-x64\server\plugins\org.eclipse.equinox.launcher_1.7.0.v20250331-1702.jar -configuration c:\Users\kimda\AppData\Roaming\Code\User\globalStorage\redhat.java\1.41.1\config_win -data c:\Users\kimda\AppData\Roaming\Code\User\workspaceStorage\cbc90a54d4b7c68b7d692620f0ed6c0a\redhat.java\jdt_ws --pipe=\\.\pipe\lsp-f6a7bba2716a4e2960dc3aa304ebc7a4-sock
java_class_path (initial): c:\Users\kimda\.vscode\extensions\redhat.java-1.41.1-win32-x64\server\plugins\org.eclipse.equinox.launcher_1.7.0.v20250331-1702.jar
Launcher Type: SUN_STANDARD

[Global flags]
    uintx AdaptiveSizePolicyWeight                 = 90                                        {product} {command line}
     intx CICompilerCount                          = 4                                         {product} {ergonomic}
    uintx GCTimeRatio                              = 4                                         {product} {command line}
     bool HeapDumpOnOutOfMemoryError               = true                                   {manageable} {command line}
    ccstr HeapDumpPath                             = c:\Users\kimda\AppData\Roaming\Code\User\workspaceStorage\cbc90a54d4b7c68b7d692620f0ed6c0a\redhat.java         {manageable} {command line}
   size_t InitialHeapSize                          = 104857600                                 {product} {command line}
   size_t MaxHeapSize                              = 1073741824                                {product} {command line}
   size_t MaxNewSize                               = 357564416                                 {product} {ergonomic}
   size_t MinHeapDeltaBytes                        = 524288                                    {product} {ergonomic}
   size_t MinHeapSize                              = 104857600                                 {product} {command line}
   size_t NewSize                                  = 34603008                                  {product} {ergonomic}
    uintx NonNMethodCodeHeapSize                   = 5839372                                {pd product} {ergonomic}
    uintx NonProfiledCodeHeapSize                  = 122909434                              {pd product} {ergonomic}
   size_t OldSize                                  = 70254592                                  {product} {ergonomic}
    uintx ProfiledCodeHeapSize                     = 122909434                              {pd product} {ergonomic}
    uintx ReservedCodeCacheSize                    = 251658240                              {pd product} {ergonomic}
     bool SegmentedCodeCache                       = true                                      {product} {ergonomic}
   size_t SoftMaxHeapSize                          = 1073741824                             {manageable} {ergonomic}
     bool UseCompressedOops                        = true                           {product lp64_product} {ergonomic}
     bool UseLargePagesIndividualAllocation        = false                                  {pd product} {ergonomic}
     bool UseParallelGC                            = true                                      {product} {command line}

Logging:
Log output configuration:
 #0: stdout all=off uptime,level,tags foldmultilines=false
 #1: stderr all=off uptime,level,tags foldmultilines=false

Environment Variables:
JAVA_HOME=C:\Program Files\Java\jdk-17
CLASSPATH=C:\Program Files\Java\jdk-17lib
PATH=C:\Program Files\Common Files\Oracle\Java\javapath;C:\Python312\Scripts\;C:\Python312\;C:\WINDOWS\system32;C:\WINDOWS;C:\WINDOWS\System32\Wbem;C:\WINDOWS\System32\WindowsPowerShell\v1.0\;C:\WINDOWS\System32\OpenSSH\;C:\Program Files\Git\cmd;C:\Program Files\nodejs;C:\ProgramData\chocolatey\bin;C:\Program Files\nodejs;C:\Program Files\MongoDB\Server\7.0\bin;C:\Program Files\mongosh-2.2.6-win32-x64\bin;C:\Program Files\PostgreSQL\16\bin;C:\Users\diana\.fly\bin\flyctl.exe;C:\Program Files\heroku\;C:\Program Files\Amazon\AWSCLIV2\;C:\Program Files\nodejs\;C:\Program Files\Docker\Docker\resources\bin;C:\Program Files\Java\jdk-17\bin;C:\Users\kimda\AppData\Roaming\npm\node_modules\@railway\cli\bin;C:\Users\kimda\AppData\Local\Microsoft\WindowsApps;C:\Users\kimda\AppData\Local\Programs\Microsoft VS Code\bin;C:\Users\kimda\.fly\bin
USERNAME=kimda
OS=Windows_NT
PROCESSOR_IDENTIFIER=Intel64 Family 6 Model 140 Stepping 1, GenuineIntel
TMP=C:\Users\kimda\AppData\Local\Temp
TEMP=C:\Users\kimda\AppData\Local\Temp




Periodic native trim disabled

---------------  S Y S T E M  ---------------

OS:
 Windows 11 , 64 bit Build 22621 (10.0.22621.5124)
OS uptime: 3 days 15:10 hours
Hyper-V role detected

CPU: total 8 (initial active 8) (4 cores per cpu, 2 threads per core) family 6 model 140 stepping 1 microcode 0x6e, cx8, cmov, fxsr, ht, mmx, 3dnowpref, sse, sse2, sse3, ssse3, sse4.1, sse4.2, popcnt, lzcnt, tsc, tscinvbit, avx, avx2, aes, erms, clmul, bmi1, bmi2, adx, avx512f, avx512dq, avx512cd, avx512bw, avx512vl, sha, fma, vzeroupper, avx512_vpopcntdq, avx512_vpclmulqdq, avx512_vaes, avx512_vnni, clflush, clflushopt, clwb, avx512_vbmi2, avx512_vbmi, hv, rdtscp, rdpid, fsrm, gfni, avx512_bitalg, f16c, cet_ibt, cet_ss, avx512_ifma
Processor Information for the first 8 processors :
  Max Mhz: 2803, Current Mhz: 2803, Mhz Limit: 2803

Memory: 4k page, system-wide physical 16183M (445M free)
TotalPageFile size 44531M (AvailPageFile size 107M)
current process WorkingSet (physical memory assigned to process): 460M, peak: 460M
current process commit charge ("private bytes"): 433M, peak: 433M

vm_info: OpenJDK 64-Bit Server VM (21.0.6+7-LTS) for windows-amd64 JRE (21.0.6+7-LTS), built on 2025-01-21T00:00:00Z by "admin" with MS VC++ 17.7 (VS2022)

END.
